<?xml version='1.0'?>
<ns2:test-suite xmlns:ns2='urn:model.allure.qatools.yandex.ru' start='1583493735814' stop='1583493768981'>
    <name>whitehall next gen page</name>
    <title>whitehall next gen page</title>
    <test-cases>
        <test-case start='1583493735814' status='passed' stop='1583493749059'>
            <name>should have open the login page</name>
            <title>should have open the login page</title>
            <labels>
                <label name='language' value='javascript'/>
                <label name='framework' value='wdio'/>
                <label name='thread' value='0-0'/>
            </labels>
            <parameters>
                <parameter kind='argument' name='browser' value='chrome'/>
            </parameters>
            <steps/>
            <attachments/>
        </test-case>
        <test-case start='1583493749059' status='broken' stop='1583493764108'>
            <name>should deny access with wrong creds</name>
            <title>should deny access with wrong creds</title>
            <labels>
                <label name='language' value='javascript'/>
                <label name='framework' value='wdio'/>
                <label name='thread' value='0-0'/>
            </labels>
            <parameters>
                <parameter kind='argument' name='browser' value='chrome'/>
            </parameters>
            <steps/>
            <attachments>
                <attachment title='Screenshot' source='e4e31281-a326-4e84-9e74-302bf83c9ef8-attachment.png' type='image/png' size='175623'/>
            </attachments>
            <failure>
                <message>Can't call getText on element with selector "#div > p-messages > div" because element wasn't found</message>
                <stack-trace>Error: Can't call getText on element with selector "#div > p-messages > div" because element wasn't found
                    at implicitWait (E:\skumar-auto\node_modules\webdriverio\build\utils\implicitWait.js:22:13)
                    at Element.runCommandWithHooks (E:\skumar-auto\node_modules\@wdio\sync\build\wrapCommand.js:82:22)
                    at Element.wrapCommandFn (E:\skumar-auto\node_modules\@wdio\sync\build\wrapCommand.js:59:40)
                    at Element.elementErrorHandlerCallback (E:\skumar-auto\node_modules\webdriverio\build\middlewares.js:40:8)
                    at Context.it (E:\skumar-auto\steps\login.js:28:36)
                    at Context.executeSync (E:\skumar-auto\node_modules\@wdio\sync\build\index.js:56:18)
                    at E:\skumar-auto\node_modules\@wdio\sync\build\index.js:82:70</stack-trace>
            </failure>
        </test-case>
        <test-case start='1583493764109' status='broken' stop='1583493768980'>
            <name>should allow access with creds</name>
            <title>should allow access with creds</title>
            <labels>
                <label name='language' value='javascript'/>
                <label name='framework' value='wdio'/>
                <label name='thread' value='0-0'/>
            </labels>
            <parameters>
                <parameter kind='argument' name='browser' value='chrome'/>
            </parameters>
            <steps/>
            <attachments>
                <attachment title='Screenshot' source='8ffe10c5-88e7-43a9-afd2-0f192b7fc7d7-attachment.png' type='image/png' size='176300'/>
            </attachments>
            <failure>
                <message>saveScreenshot expects a filepath of type string and ".png" file ending</message>
                <stack-trace>Error: saveScreenshot expects a filepath of type string and ".png" file ending
                    at Browser.saveScreenshot (E:\skumar-auto\node_modules\webdriverio\build\commands\browser\saveScreenshot.js:16:11)
                    at Browser.runCommandWithHooks (E:\skumar-auto\node_modules\@wdio\sync\build\wrapCommand.js:88:30)
                    at Browser.runCommandWithHooks (E:\skumar-auto\node_modules\@wdio\sync\build\wrapCommand.js:82:22)
                    at Browser.wrapCommandFn (E:\skumar-auto\node_modules\@wdio\sync\build\wrapCommand.js:59:40)
                    at Context.it (E:\skumar-auto\steps\login.js:42:17)
                    at Context.executeSync (E:\skumar-auto\node_modules\@wdio\sync\build\index.js:56:18)
                    at E:\skumar-auto\node_modules\@wdio\sync\build\index.js:82:70</stack-trace>
            </failure>
        </test-case>
    </test-cases>
</ns2:test-suite>