<?xml version='1.0'?>
<ns2:test-suite xmlns:ns2='urn:model.allure.qatools.yandex.ru' start='1583494872485' stop='1583494883442'>
    <name>whitehall next gen page</name>
    <title>whitehall next gen page</title>
    <test-cases>
        <test-case start='1583494872485' status='broken' stop='1583494872830'>
            <name>should have open the login page</name>
            <title>should have open the login page</title>
            <labels>
                <label name='language' value='javascript'/>
                <label name='framework' value='wdio'/>
                <label name='thread' value='0-0'/>
            </labels>
            <parameters>
                <parameter kind='argument' name='browser' value='chrome'/>
            </parameters>
            <steps/>
            <attachments>
                <attachment title='Screenshot' source='8dd8f5b9-6d0d-4e38-a913-487fb1f05209-attachment.png' type='image/png' size='3486'/>
            </attachments>
            <failure>
                <message>allureReporter is not defined</message>
                <stack-trace>ReferenceError: allureReporter is not defined
                    at Context.&lt;anonymous> (E:\skumar-auto\steps\login.js:9:9)
                    at Context.executeSync (E:\skumar-auto\node_modules\@wdio\sync\build\index.js:56:18)
                    at E:\skumar-auto\node_modules\@wdio\sync\build\index.js:82:70</stack-trace>
            </failure>
        </test-case>
        <test-case start='1583494872830' status='broken' stop='1583494873121'>
            <name>should deny access with wrong creds</name>
            <title>should deny access with wrong creds</title>
            <labels>
                <label name='language' value='javascript'/>
                <label name='framework' value='wdio'/>
                <label name='thread' value='0-0'/>
            </labels>
            <parameters>
                <parameter kind='argument' name='browser' value='chrome'/>
            </parameters>
            <steps/>
            <attachments>
                <attachment title='Screenshot' source='a47a68d8-6bf3-48a2-b106-676ed1416c72-attachment.png' type='image/png' size='3486'/>
            </attachments>
            <failure>
                <message>allureReporter is not defined</message>
                <stack-trace>ReferenceError: allureReporter is not defined
                    at Context.it (E:\skumar-auto\steps\login.js:18:13)
                    at Context.executeSync (E:\skumar-auto\node_modules\@wdio\sync\build\index.js:56:18)
                    at E:\skumar-auto\node_modules\@wdio\sync\build\index.js:82:70</stack-trace>
            </failure>
        </test-case>
        <test-case start='1583494873122' status='broken' stop='1583494883441'>
            <name>should allow access with creds</name>
            <title>should allow access with creds</title>
            <labels>
                <label name='language' value='javascript'/>
                <label name='framework' value='wdio'/>
                <label name='thread' value='0-0'/>
            </labels>
            <parameters>
                <parameter kind='argument' name='browser' value='chrome'/>
            </parameters>
            <steps/>
            <attachments>
                <attachment title='Screenshot' source='a6c9b5e2-a325-4110-a408-a719aa91fa66-attachment.png' type='image/png' size='3486'/>
            </attachments>
            <failure>
                <message>Can't call click on element with selector "#login_email" because element wasn't found</message>
                <stack-trace>Error: Can't call click on element with selector "#login_email" because element wasn't found
                    at implicitWait (E:\skumar-auto\node_modules\webdriverio\build\utils\implicitWait.js:22:13)
                    at Element.runCommandWithHooks (E:\skumar-auto\node_modules\@wdio\sync\build\wrapCommand.js:82:22)
                    at Element.wrapCommandFn (E:\skumar-auto\node_modules\@wdio\sync\build\wrapCommand.js:59:40)
                    at Element.elementErrorHandlerCallback (E:\skumar-auto\node_modules\webdriverio\build\middlewares.js:40:8)
                    at Context.it (E:\skumar-auto\steps\login.js:34:28)
                    at Context.executeSync (E:\skumar-auto\node_modules\@wdio\sync\build\index.js:56:18)
                    at E:\skumar-auto\node_modules\@wdio\sync\build\index.js:82:70</stack-trace>
            </failure>
        </test-case>
    </test-cases>
</ns2:test-suite>